<?xml version="1.0" encoding="UTF-8"?>
<!-- Generated by org.testng.reporters.JUnitReportReporter -->
<testsuite hostname="Jatin" failures="0" tests="7" name="com.demo.nopcommerce.webpages.TestSuit" time="79.962" errors="0" timestamp="14 May 2019 18:47:22 GMT" skipped="0">
  <testcase classname="com.demo.nopcommerce.webpages.TestSuit" name="desktopShouldAddToBasketSuccessfully" time="17.154"/>
  <testcase classname="com.demo.nopcommerce.webpages.TestSuit" name="userShouldNavigateToComputerPageSuccessfully" time="10.345"/>
  <testcase classname="com.demo.nopcommerce.webpages.TestSuit" name="loginShouldFailAndErrorMessageShouldAppearWhenLoginIsInvalid" time="9.178"/>
  <testcase classname="com.demo.nopcommerce.webpages.TestSuit" name="userShouldNavigateToBuildYourOwnPageSuccessfully" time="12.458"/>
  <testcase classname="com.demo.nopcommerce.webpages.TestSuit" name="userShouldNavigateToRegistrationPageSuccessfully" time="10.487"/>
  <testcase classname="com.demo.nopcommerce.webpages.TestSuit" name="userShouldNavigateToDesktopPageSuccessfully" time="11.211"/>
  <testcase classname="com.demo.nopcommerce.webpages.TestSuit" name="userShouldNavigateToLoginPageSuccessfully" time="9.129"/>
</testsuite> <!-- com.demo.nopcommerce.webpages.TestSuit -->
