<?xml version="1.0" encoding="UTF-8"?>
<!-- Generated by org.testng.reporters.JUnitReportReporter -->
<testsuite hostname="Jatin" failures="0" tests="2" name="com.demo.nopcommerce.webpages.DesktopTest" time="43.711" errors="0" timestamp="14 May 2019 18:47:22 GMT" skipped="0">
  <testcase classname="com.demo.nopcommerce.webpages.DesktopTest" name="desktopShouldAddToBasketSuccessfully" time="26.017"/>
  <testcase classname="com.demo.nopcommerce.webpages.DesktopTest" name="userShouldNavigateToBuildYourOwnPageSuccessfully" time="17.694"/>
</testsuite> <!-- com.demo.nopcommerce.webpages.DesktopTest -->
