<?xml version="1.0" encoding="UTF-8"?>
<!-- Generated by org.testng.reporters.JUnitReportReporter -->
<testsuite hostname="Jatin" failures="0" tests="2" name="com.demo.nopcommerce.webpages.LoginTest" time="21.730" errors="0" timestamp="14 May 2019 18:47:22 GMT" skipped="0">
  <testcase classname="com.demo.nopcommerce.webpages.LoginTest" name="loginShouldFailAndErrorMessageShouldAppearWhenLoginIsInvalid" time="12.288"/>
  <testcase classname="com.demo.nopcommerce.webpages.LoginTest" name="userShouldNavigateToLoginPageSuccessfully" time="9.442"/>
</testsuite> <!-- com.demo.nopcommerce.webpages.LoginTest -->
