<?xml version="1.0" encoding="UTF-8"?>
<!-- Generated by org.testng.reporters.JUnitReportReporter -->
<testsuite hostname="Jatin" failures="0" tests="1" name="com.demo.nopcommerce.webpages.ComputerTest" time="25.734" errors="0" timestamp="14 May 2019 18:47:22 GMT" skipped="0">
  <testcase classname="com.demo.nopcommerce.webpages.ComputerTest" name="userShouldNavigateToDesktopPageSuccessfully" time="25.734"/>
</testsuite> <!-- com.demo.nopcommerce.webpages.ComputerTest -->
