<?xml version="1.0" encoding="UTF-8"?>
<!-- Generated by org.testng.reporters.JUnitReportReporter -->
<testsuite hostname="Jatin" failures="0" tests="3" name="com.demo.nopcommerce.webpages.HomeTest" time="32.882" errors="0" timestamp="14 May 2019 18:47:22 GMT" skipped="0">
  <testcase classname="com.demo.nopcommerce.webpages.HomeTest" name="userShouldNavigateToLoginPageSuccessfully" time="13.819"/>
  <testcase classname="com.demo.nopcommerce.webpages.HomeTest" name="userShouldNavigateToComputerPageSuccessfully" time="8.751"/>
  <testcase classname="com.demo.nopcommerce.webpages.HomeTest" name="userShouldNavigateToRegistrationPageSuccessfully" time="10.312"/>
</testsuite> <!-- com.demo.nopcommerce.webpages.HomeTest -->
